2026-01-07 09:38:54.698 [info] [main] Log level: Info
2026-01-07 09:38:54.698 [info] [main] Validating found git in: "git"
2026-01-07 09:38:54.698 [info] [main] Using git "2.43.0" from "git"
2026-01-07 09:38:54.698 [info] [Model][doInitialScan] Initial repository scan started
2026-01-07 09:38:54.698 [info] > git rev-parse --show-toplevel [14ms]
2026-01-07 09:38:54.698 [info] fatal: not a git repository (or any parent up to mount point /)
Stopping at filesystem boundary (GIT_DISCOVERY_ACROSS_FILESYSTEM not set).
2026-01-07 09:38:54.698 [info] > git rev-parse --show-toplevel [10ms]
2026-01-07 09:38:54.698 [info] fatal: not a git repository (or any parent up to mount point /)
Stopping at filesystem boundary (GIT_DISCOVERY_ACROSS_FILESYSTEM not set).
2026-01-07 09:38:54.698 [info] > git rev-parse --show-toplevel [3ms]
2026-01-07 09:38:54.698 [info] fatal: not a git repository (or any parent up to mount point /)
Stopping at filesystem boundary (GIT_DISCOVERY_ACROSS_FILESYSTEM not set).
2026-01-07 09:38:54.698 [info] > git rev-parse --show-toplevel [5ms]
2026-01-07 09:38:54.698 [info] fatal: not a git repository (or any parent up to mount point /)
Stopping at filesystem boundary (GIT_DISCOVERY_ACROSS_FILESYSTEM not set).
2026-01-07 09:38:54.698 [info] > git rev-parse --show-toplevel [9ms]
2026-01-07 09:38:54.698 [info] fatal: not a git repository (or any parent up to mount point /)
Stopping at filesystem boundary (GIT_DISCOVERY_ACROSS_FILESYSTEM not set).
2026-01-07 09:38:54.698 [info] > git rev-parse --show-toplevel [3ms]
2026-01-07 09:38:54.698 [info] fatal: not a git repository (or any parent up to mount point /)
Stopping at filesystem boundary (GIT_DISCOVERY_ACROSS_FILESYSTEM not set).
2026-01-07 09:38:54.698 [info] > git rev-parse --show-toplevel [2ms]
2026-01-07 09:38:54.698 [info] fatal: not a git repository (or any parent up to mount point /)
Stopping at filesystem boundary (GIT_DISCOVERY_ACROSS_FILESYSTEM not set).
2026-01-07 09:38:54.698 [info] > git rev-parse --show-toplevel [3ms]
2026-01-07 09:38:54.698 [info] fatal: not a git repository (or any parent up to mount point /)
Stopping at filesystem boundary (GIT_DISCOVERY_ACROSS_FILESYSTEM not set).
2026-01-07 09:38:54.698 [info] > git rev-parse --show-toplevel [3ms]
2026-01-07 09:38:54.698 [info] fatal: not a git repository (or any parent up to mount point /)
Stopping at filesystem boundary (GIT_DISCOVERY_ACROSS_FILESYSTEM not set).
2026-01-07 09:38:54.698 [info] [Model][doInitialScan] Initial repository scan completed - repositories (0), closed repositories (0), parent repositories (0), unsafe repositories (0)
2026-01-07 09:38:54.787 [info] > git rev-parse --show-toplevel [5ms]
2026-01-07 09:38:54.788 [info] fatal: not a git repository (or any parent up to mount point /)
Stopping at filesystem boundary (GIT_DISCOVERY_ACROSS_FILESYSTEM not set).
