2026-01-04 12:46:42.754 [info] [main] Log level: Info
2026-01-04 12:46:42.755 [info] [main] Validating found git in: "git"
2026-01-04 12:46:42.755 [info] [main] Using git "2.43.0" from "git"
2026-01-04 12:46:42.755 [info] [Model][doInitialScan] Initial repository scan started
2026-01-04 12:46:42.755 [info] > git rev-parse --show-toplevel [1507ms]
2026-01-04 12:46:42.755 [info] fatal: not a git repository (or any parent up to mount point /)
Stopping at filesystem boundary (GIT_DISCOVERY_ACROSS_FILESYSTEM not set).
2026-01-04 12:46:42.755 [info] > git rev-parse --show-toplevel [17788ms]
2026-01-04 12:46:42.755 [info] fatal: not a git repository (or any parent up to mount point /)
Stopping at filesystem boundary (GIT_DISCOVERY_ACROSS_FILESYSTEM not set).
2026-01-04 12:46:43.805 [info] > git rev-parse --show-toplevel [1017ms]
2026-01-04 12:46:43.806 [info] fatal: not a git repository (or any parent up to mount point /)
Stopping at filesystem boundary (GIT_DISCOVERY_ACROSS_FILESYSTEM not set).
2026-01-04 12:46:44.159 [info] > git rev-parse --show-toplevel [187ms]
2026-01-04 12:46:44.159 [info] fatal: not a git repository (or any parent up to mount point /)
Stopping at filesystem boundary (GIT_DISCOVERY_ACROSS_FILESYSTEM not set).
2026-01-04 12:46:44.201 [info] > git rev-parse --show-toplevel [21ms]
2026-01-04 12:46:44.201 [info] fatal: not a git repository (or any parent up to mount point /)
Stopping at filesystem boundary (GIT_DISCOVERY_ACROSS_FILESYSTEM not set).
2026-01-04 12:46:44.227 [info] > git rev-parse --show-toplevel [8ms]
2026-01-04 12:46:44.227 [info] fatal: not a git repository (or any parent up to mount point /)
Stopping at filesystem boundary (GIT_DISCOVERY_ACROSS_FILESYSTEM not set).
2026-01-04 12:46:44.353 [info] > git rev-parse --show-toplevel [94ms]
2026-01-04 12:46:44.353 [info] fatal: not a git repository (or any parent up to mount point /)
Stopping at filesystem boundary (GIT_DISCOVERY_ACROSS_FILESYSTEM not set).
2026-01-04 12:46:44.380 [info] > git rev-parse --show-toplevel [8ms]
2026-01-04 12:46:44.380 [info] fatal: not a git repository (or any parent up to mount point /)
Stopping at filesystem boundary (GIT_DISCOVERY_ACROSS_FILESYSTEM not set).
2026-01-04 12:46:44.408 [info] > git rev-parse --show-toplevel [10ms]
2026-01-04 12:46:44.408 [info] fatal: not a git repository (or any parent up to mount point /)
Stopping at filesystem boundary (GIT_DISCOVERY_ACROSS_FILESYSTEM not set).
2026-01-04 12:46:44.447 [info] > git rev-parse --show-toplevel [12ms]
2026-01-04 12:46:44.449 [info] fatal: not a git repository (or any parent up to mount point /)
Stopping at filesystem boundary (GIT_DISCOVERY_ACROSS_FILESYSTEM not set).
2026-01-04 12:46:44.450 [info] [Model][doInitialScan] Initial repository scan completed - repositories (0), closed repositories (0), parent repositories (0), unsafe repositories (0)
2026-01-04 12:46:44.505 [info] > git rev-parse --show-toplevel [12ms]
2026-01-04 12:46:44.505 [info] fatal: not a git repository (or any parent up to mount point /)
Stopping at filesystem boundary (GIT_DISCOVERY_ACROSS_FILESYSTEM not set).
