2026-01-04 12:45:27.409 [info] [main] Log level: Info
2026-01-04 12:45:27.417 [info] [main] Validating found git in: "git"
2026-01-04 12:45:27.417 [info] [main] Using git "2.43.0" from "git"
2026-01-04 12:45:27.417 [info] [Model][doInitialScan] Initial repository scan started
2026-01-04 12:45:27.417 [info] > git rev-parse --show-toplevel [23ms]
2026-01-04 12:45:27.417 [info] fatal: not a git repository (or any parent up to mount point /)
Stopping at filesystem boundary (GIT_DISCOVERY_ACROSS_FILESYSTEM not set).
2026-01-04 12:45:27.417 [info] > git rev-parse --show-toplevel [23ms]
2026-01-04 12:45:27.417 [info] fatal: not a git repository (or any parent up to mount point /)
Stopping at filesystem boundary (GIT_DISCOVERY_ACROSS_FILESYSTEM not set).
2026-01-04 12:45:27.417 [info] > git rev-parse --show-toplevel [12ms]
2026-01-04 12:45:27.417 [info] fatal: not a git repository (or any parent up to mount point /)
Stopping at filesystem boundary (GIT_DISCOVERY_ACROSS_FILESYSTEM not set).
2026-01-04 12:45:27.417 [info] > git rev-parse --show-toplevel [11ms]
2026-01-04 12:45:27.417 [info] fatal: not a git repository (or any parent up to mount point /)
Stopping at filesystem boundary (GIT_DISCOVERY_ACROSS_FILESYSTEM not set).
2026-01-04 12:45:27.417 [info] > git rev-parse --show-toplevel [4ms]
2026-01-04 12:45:27.417 [info] fatal: not a git repository (or any parent up to mount point /)
Stopping at filesystem boundary (GIT_DISCOVERY_ACROSS_FILESYSTEM not set).
2026-01-04 12:45:27.417 [info] > git rev-parse --show-toplevel [10ms]
2026-01-04 12:45:27.417 [info] fatal: not a git repository (or any parent up to mount point /)
Stopping at filesystem boundary (GIT_DISCOVERY_ACROSS_FILESYSTEM not set).
2026-01-04 12:45:27.417 [info] > git rev-parse --show-toplevel [16ms]
2026-01-04 12:45:27.417 [info] fatal: not a git repository (or any parent up to mount point /)
Stopping at filesystem boundary (GIT_DISCOVERY_ACROSS_FILESYSTEM not set).
2026-01-04 12:45:27.417 [info] > git rev-parse --show-toplevel [3ms]
2026-01-04 12:45:27.417 [info] fatal: not a git repository (or any parent up to mount point /)
Stopping at filesystem boundary (GIT_DISCOVERY_ACROSS_FILESYSTEM not set).
2026-01-04 12:45:27.417 [info] > git rev-parse --show-toplevel [3ms]
2026-01-04 12:45:27.417 [info] fatal: not a git repository (or any parent up to mount point /)
Stopping at filesystem boundary (GIT_DISCOVERY_ACROSS_FILESYSTEM not set).
2026-01-04 12:45:27.417 [info] [Model][doInitialScan] Initial repository scan completed - repositories (0), closed repositories (0), parent repositories (0), unsafe repositories (0)
2026-01-04 12:45:27.417 [info] > git rev-parse --show-toplevel [804ms]
2026-01-04 12:45:27.417 [info] fatal: not a git repository (or any parent up to mount point /)
Stopping at filesystem boundary (GIT_DISCOVERY_ACROSS_FILESYSTEM not set).
