2026-01-04 12:29:03.611 [info] [main] Log level: Info
2026-01-04 12:29:03.611 [info] [main] Validating found git in: "git"
2026-01-04 12:29:03.611 [info] [main] Using git "2.43.0" from "git"
2026-01-04 12:29:03.621 [info] [Model][doInitialScan] Initial repository scan started
2026-01-04 12:29:03.621 [info] > git rev-parse --show-toplevel [11ms]
2026-01-04 12:29:03.621 [info] fatal: not a git repository (or any parent up to mount point /)
Stopping at filesystem boundary (GIT_DISCOVERY_ACROSS_FILESYSTEM not set).
2026-01-04 12:29:03.621 [info] > git rev-parse --show-toplevel [35ms]
2026-01-04 12:29:03.621 [info] fatal: not a git repository (or any parent up to mount point /)
Stopping at filesystem boundary (GIT_DISCOVERY_ACROSS_FILESYSTEM not set).
2026-01-04 12:29:03.621 [info] > git rev-parse --show-toplevel [19ms]
2026-01-04 12:29:03.621 [info] fatal: not a git repository (or any parent up to mount point /)
Stopping at filesystem boundary (GIT_DISCOVERY_ACROSS_FILESYSTEM not set).
2026-01-04 12:29:03.621 [info] > git rev-parse --show-toplevel [10ms]
2026-01-04 12:29:03.621 [info] fatal: not a git repository (or any parent up to mount point /)
Stopping at filesystem boundary (GIT_DISCOVERY_ACROSS_FILESYSTEM not set).
2026-01-04 12:29:03.621 [info] > git rev-parse --show-toplevel [7ms]
2026-01-04 12:29:03.621 [info] fatal: not a git repository (or any parent up to mount point /)
Stopping at filesystem boundary (GIT_DISCOVERY_ACROSS_FILESYSTEM not set).
2026-01-04 12:29:03.621 [info] > git rev-parse --show-toplevel [7ms]
2026-01-04 12:29:03.621 [info] fatal: not a git repository (or any parent up to mount point /)
Stopping at filesystem boundary (GIT_DISCOVERY_ACROSS_FILESYSTEM not set).
2026-01-04 12:29:03.621 [info] > git rev-parse --show-toplevel [1ms]
2026-01-04 12:29:03.621 [info] fatal: not a git repository (or any parent up to mount point /)
Stopping at filesystem boundary (GIT_DISCOVERY_ACROSS_FILESYSTEM not set).
2026-01-04 12:29:03.621 [info] > git rev-parse --show-toplevel [7ms]
2026-01-04 12:29:03.621 [info] fatal: not a git repository (or any parent up to mount point /)
Stopping at filesystem boundary (GIT_DISCOVERY_ACROSS_FILESYSTEM not set).
2026-01-04 12:29:03.621 [info] > git rev-parse --show-toplevel [3ms]
2026-01-04 12:29:03.621 [info] fatal: not a git repository (or any parent up to mount point /)
Stopping at filesystem boundary (GIT_DISCOVERY_ACROSS_FILESYSTEM not set).
2026-01-04 12:29:03.621 [info] [Model][doInitialScan] Initial repository scan completed - repositories (0), closed repositories (0), parent repositories (0), unsafe repositories (0)
2026-01-04 12:29:03.649 [info] > git rev-parse --show-toplevel [61ms]
2026-01-04 12:29:03.649 [info] fatal: not a git repository (or any parent up to mount point /)
Stopping at filesystem boundary (GIT_DISCOVERY_ACROSS_FILESYSTEM not set).
2026-01-04 12:29:11.847 [info] > git rev-parse --show-toplevel [96ms]
2026-01-04 12:29:11.847 [info] fatal: not a git repository (or any parent up to mount point /)
Stopping at filesystem boundary (GIT_DISCOVERY_ACROSS_FILESYSTEM not set).
