2026-01-04 09:13:11.774 [info] [main] Log level: Info
2026-01-04 09:13:11.774 [info] [main] Validating found git in: "git"
2026-01-04 09:13:11.774 [info] [main] Using git "2.43.0" from "git"
2026-01-04 09:13:11.774 [info] [Model][doInitialScan] Initial repository scan started
2026-01-04 09:13:11.774 [info] > git rev-parse --show-toplevel [12ms]
2026-01-04 09:13:11.774 [info] fatal: not a git repository (or any parent up to mount point /)
Stopping at filesystem boundary (GIT_DISCOVERY_ACROSS_FILESYSTEM not set).
2026-01-04 09:13:11.782 [info] > git rev-parse --show-toplevel [2ms]
2026-01-04 09:13:11.782 [info] fatal: not a git repository (or any parent up to mount point /)
Stopping at filesystem boundary (GIT_DISCOVERY_ACROSS_FILESYSTEM not set).
2026-01-04 09:13:11.790 [info] > git rev-parse --show-toplevel [1ms]
2026-01-04 09:13:11.790 [info] fatal: not a git repository (or any parent up to mount point /)
Stopping at filesystem boundary (GIT_DISCOVERY_ACROSS_FILESYSTEM not set).
2026-01-04 09:13:11.799 [info] > git rev-parse --show-toplevel [3ms]
2026-01-04 09:13:11.799 [info] fatal: not a git repository (or any parent up to mount point /)
Stopping at filesystem boundary (GIT_DISCOVERY_ACROSS_FILESYSTEM not set).
2026-01-04 09:13:11.806 [info] > git rev-parse --show-toplevel [1ms]
2026-01-04 09:13:11.806 [info] fatal: not a git repository (or any parent up to mount point /)
Stopping at filesystem boundary (GIT_DISCOVERY_ACROSS_FILESYSTEM not set).
2026-01-04 09:13:11.814 [info] > git rev-parse --show-toplevel [2ms]
2026-01-04 09:13:11.814 [info] fatal: not a git repository (or any parent up to mount point /)
Stopping at filesystem boundary (GIT_DISCOVERY_ACROSS_FILESYSTEM not set).
2026-01-04 09:13:11.823 [info] > git rev-parse --show-toplevel [3ms]
2026-01-04 09:13:11.823 [info] fatal: not a git repository (or any parent up to mount point /)
Stopping at filesystem boundary (GIT_DISCOVERY_ACROSS_FILESYSTEM not set).
2026-01-04 09:13:11.830 [info] > git rev-parse --show-toplevel [2ms]
2026-01-04 09:13:11.830 [info] fatal: not a git repository (or any parent up to mount point /)
Stopping at filesystem boundary (GIT_DISCOVERY_ACROSS_FILESYSTEM not set).
2026-01-04 09:13:11.831 [info] [Model][doInitialScan] Initial repository scan completed - repositories (0), closed repositories (0), parent repositories (0), unsafe repositories (0)
2026-01-04 09:13:21.328 [info] > git rev-parse --show-toplevel [26ms]
2026-01-04 09:13:21.328 [info] fatal: not a git repository (or any parent up to mount point /)
Stopping at filesystem boundary (GIT_DISCOVERY_ACROSS_FILESYSTEM not set).
2026-01-04 09:13:21.338 [info] > git rev-parse --show-toplevel [2ms]
2026-01-04 09:13:21.338 [info] fatal: not a git repository (or any parent up to mount point /)
Stopping at filesystem boundary (GIT_DISCOVERY_ACROSS_FILESYSTEM not set).
2026-01-04 09:13:21.346 [info] > git rev-parse --show-toplevel [3ms]
2026-01-04 09:13:21.346 [info] fatal: not a git repository (or any parent up to mount point /)
Stopping at filesystem boundary (GIT_DISCOVERY_ACROSS_FILESYSTEM not set).
2026-01-04 09:13:35.962 [info] > git rev-parse --show-toplevel [117ms]
2026-01-04 09:13:35.962 [info] fatal: not a git repository (or any parent up to mount point /)
Stopping at filesystem boundary (GIT_DISCOVERY_ACROSS_FILESYSTEM not set).
2026-01-04 09:14:48.611 [info] > git rev-parse --show-toplevel [752ms]
2026-01-04 09:14:48.611 [info] fatal: not a git repository (or any parent up to mount point /)
Stopping at filesystem boundary (GIT_DISCOVERY_ACROSS_FILESYSTEM not set).
2026-01-04 09:17:04.402 [info] > git rev-parse --show-toplevel [34ms]
2026-01-04 09:17:04.403 [info] fatal: not a git repository (or any parent up to mount point /)
Stopping at filesystem boundary (GIT_DISCOVERY_ACROSS_FILESYSTEM not set).
2026-01-04 09:17:07.801 [info] > git rev-parse --show-toplevel [8ms]
2026-01-04 09:17:07.805 [info] fatal: not a git repository (or any parent up to mount point /)
Stopping at filesystem boundary (GIT_DISCOVERY_ACROSS_FILESYSTEM not set).
2026-01-04 09:23:24.613 [info] > git rev-parse --show-toplevel [25ms]
2026-01-04 09:23:24.616 [info] fatal: not a git repository (or any parent up to mount point /)
Stopping at filesystem boundary (GIT_DISCOVERY_ACROSS_FILESYSTEM not set).
2026-01-04 09:32:09.346 [info] > git rev-parse --show-toplevel [279ms]
2026-01-04 09:32:09.350 [info] fatal: not a git repository (or any parent up to mount point /)
Stopping at filesystem boundary (GIT_DISCOVERY_ACROSS_FILESYSTEM not set).
2026-01-04 09:32:26.246 [info] > git rev-parse --show-toplevel [22ms]
2026-01-04 09:32:26.247 [info] fatal: not a git repository (or any parent up to mount point /)
Stopping at filesystem boundary (GIT_DISCOVERY_ACROSS_FILESYSTEM not set).
2026-01-04 09:32:26.541 [info] > git rev-parse --show-toplevel [36ms]
2026-01-04 09:32:26.545 [info] fatal: not a git repository (or any parent up to mount point /)
Stopping at filesystem boundary (GIT_DISCOVERY_ACROSS_FILESYSTEM not set).
2026-01-04 09:38:10.763 [info] > git rev-parse --show-toplevel [206ms]
2026-01-04 09:38:10.764 [info] fatal: not a git repository (or any parent up to mount point /)
Stopping at filesystem boundary (GIT_DISCOVERY_ACROSS_FILESYSTEM not set).
2026-01-04 09:38:10.814 [info] > git rev-parse --show-toplevel [33ms]
2026-01-04 09:38:10.814 [info] fatal: not a git repository (or any parent up to mount point /)
Stopping at filesystem boundary (GIT_DISCOVERY_ACROSS_FILESYSTEM not set).
2026-01-04 09:38:11.060 [info] > git rev-parse --show-toplevel [13ms]
2026-01-04 09:38:11.060 [info] fatal: not a git repository (or any parent up to mount point /)
Stopping at filesystem boundary (GIT_DISCOVERY_ACROSS_FILESYSTEM not set).
2026-01-04 09:42:26.222 [info] > git rev-parse --show-toplevel [17ms]
2026-01-04 09:42:26.222 [info] fatal: not a git repository (or any parent up to mount point /)
Stopping at filesystem boundary (GIT_DISCOVERY_ACROSS_FILESYSTEM not set).
2026-01-04 09:42:27.489 [info] > git rev-parse --show-toplevel [7ms]
2026-01-04 09:42:27.489 [info] fatal: not a git repository (or any parent up to mount point /)
Stopping at filesystem boundary (GIT_DISCOVERY_ACROSS_FILESYSTEM not set).
2026-01-04 09:45:32.349 [info] > git rev-parse --show-toplevel [13ms]
2026-01-04 09:45:32.350 [info] fatal: not a git repository (or any parent up to mount point /)
Stopping at filesystem boundary (GIT_DISCOVERY_ACROSS_FILESYSTEM not set).
2026-01-04 09:54:02.644 [info] > git rev-parse --show-toplevel [20ms]
2026-01-04 09:54:02.644 [info] fatal: not a git repository (or any parent up to mount point /)
Stopping at filesystem boundary (GIT_DISCOVERY_ACROSS_FILESYSTEM not set).
2026-01-04 09:58:51.101 [info] > git rev-parse --show-toplevel [4ms]
2026-01-04 09:58:51.101 [info] fatal: not a git repository (or any parent up to mount point /)
Stopping at filesystem boundary (GIT_DISCOVERY_ACROSS_FILESYSTEM not set).
2026-01-04 10:04:39.671 [info] > git rev-parse --show-toplevel [28ms]
2026-01-04 10:04:39.671 [info] fatal: not a git repository (or any parent up to mount point /)
Stopping at filesystem boundary (GIT_DISCOVERY_ACROSS_FILESYSTEM not set).
2026-01-04 10:07:25.901 [info] > git rev-parse --show-toplevel [13ms]
2026-01-04 10:07:25.902 [info] fatal: not a git repository (or any parent up to mount point /)
Stopping at filesystem boundary (GIT_DISCOVERY_ACROSS_FILESYSTEM not set).
